<?xml version="1.0" encoding="UTF-8"?>
<testsuite name="com.mytest.EventProcessorTest" tests="1" skipped="0" failures="0" errors="0" timestamp="2018-07-19T12:02:45" hostname="DUBRQUI" time="0.669">
  <properties/>
  <testcase name="testNumberOfAlertEvents" classname="com.mytest.EventProcessorTest" time="0.669"/>
  <system-out><![CDATA[2018-07-19 13:02:45,789 DEBUG c.m.EventProcessor [Test worker] Transaction [id=scsmbstgrc, state=STARTED, type=null, host=null, timestamp=1491377495210, alert=true] 
2018-07-19 13:02:45,792 DEBUG c.m.EventProcessor [Test worker] Transaction [id=scsmbstgrc, state=FINISHED, type=null, host=null, timestamp=1491377495218, alert=true] 
2018-07-19 13:02:45,792 DEBUG c.m.EventProcessor [Test worker] Transaction [id=scsmbstgra, state=FINISHED, type=APPLICATION_LOG, host=12345, timestamp=1491377495217, alert=true] 
2018-07-19 13:02:45,792 DEBUG c.m.EventProcessor [Test worker] Transaction [id=scsmbstgra, state=STARTED, type=APPLICATION_LOG, host=12345, timestamp=1491377495212, alert=true] 
]]></system-out>
  <system-err><![CDATA[]]></system-err>
</testsuite>
