<?xml version="1.0" encoding="UTF-8"?>
<testsuite name="com.mytest.AlertManagerTest" tests="1" skipped="0" failures="0" errors="0" timestamp="2018-07-19T00:34:34" hostname="DUBRQUI" time="0.003">
  <properties/>
  <testcase name="test" classname="com.mytest.AlertManagerTest" time="0.003"/>
  <system-out><![CDATA[]]></system-out>
  <system-err><![CDATA[]]></system-err>
</testsuite>
