<?xml version="1.0" encoding="UTF-8"?>
<testsuite name="com.mytest.service.EventProcessorTest" tests="1" skipped="0" failures="0" errors="0" timestamp="2018-07-19T16:04:56" hostname="DUBRQUI" time="0.722">
  <properties/>
  <testcase name="testNumberOfAlertEvents" classname="com.mytest.service.EventProcessorTest" time="0.722"/>
  <system-out><![CDATA[]]></system-out>
  <system-err><![CDATA[]]></system-err>
</testsuite>
